xsl:stylesheet xmlns:xsl="http://www.w3.org/1999/XSL/Transform" version="1.0">
<xsl:output method="html" indent="no" encoding="utf-8" media-type="text/html" doctype-public="-//W3C//DTD HTML 4.0//EN"/>
<xsl:variable name="cellsPerRow" select="3"/>
<xsl:variable name="maxItems" select="1000"/>
<xsl:param name="testcaserid"/>
<xsl:param name="loadAll"/>
<!-- Report Root Content -->
<xsl:template match="/report/*">
<div id="header-top">
<h1 id="logo">
<span title="Ranorex">
<em>Ranorex Report</em>
</span>
<span title="Ranorex">...</span>
</h1>
<h1 id="logo">...</h1>
<div id="small-nav"/>
</div>
<div id="header-top">...</div>
<div id="page">
<div id="container">
<div id="Content">
<xsl:choose>
<!-- Testsuit Template -->
<xsl:when test="./activity[@type='test-suite' or @type='test-case' or @type='smart-folder' or @type='iteration-container' or @type='entry-container']">
<h1>
<xsl:choose>
<xsl:when test="./activity/@headertext">
<xsl:value-of select="./activity/@headertext"/>
</xsl:when>
<xsl:when test="./activity/@headertext">...</xsl:when>
<xsl:otherwise>Report for selected test item</xsl:otherwise>
</xsl:choose>
<xsl:choose>...</xsl:choose>
</h1>
<h1>...</h1>
<p>
<xsl:choose>
<xsl:when test="../@progress != '' ">
<div class="progress">
<img alt="progress" width="16" height="11" src="data:image/gif;base64,R0lGODlhEAALAPQAAPPz8wAAANDQ0MbGxt/f3wUFBQAAACwsLHx8fFtbW7GxsSAgIEZGRoSEhF9fX7W1tSQkJAMDA0pKStzc3M7Ozunp6TU1NdLS0ufn566urpmZmcHBwePj4wAAAAAAAAAAACH+GkNyZWF0ZWQgd2l0aCBhamF4bG9hZC5pbmZvACH5BAALAAAAIf8LTkVUU0NBUEUyLjADAQAAACwAAAAAEAALAAAFLSAgjmRpnqSgCuLKAq5AEIM4zDVw03ve27ifDgfkEYe04kDIDC5zrtYKRa2WQgAh+QQACwABACwAAAAAEAALAAAFJGBhGAVgnqhpHIeRvsDawqns0qeN5+y967tYLyicBYE7EYkYAgAh+QQACwACACwAAAAAEAALAAAFNiAgjothLOOIJAkiGgxjpGKiKMkbz7SN6zIawJcDwIK9W/HISxGBzdHTuBNOmcJVCyoUlk7CEAAh+QQACwADACwAAAAAEAALAAAFNSAgjqQIRRFUAo3jNGIkSdHqPI8Tz3V55zuaDacDyIQ+YrBH+hWPzJFzOQQaeavWi7oqnVIhACH5BAALAAQALAAAAAAQAAsAAAUyICCOZGme1rJY5kRRk7hI0mJSVUXJtF3iOl7tltsBZsNfUegjAY3I5sgFY55KqdX1GgIAIfkEAAsABQAsAAAAABAACwAABTcgII5kaZ4kcV2EqLJipmnZhWGXaOOitm2aXQ4g7P2Ct2ER4AMul00kj5g0Al8tADY2y6C+4FIIACH5BAALAAYALAAAAAAQAAsAAAUvICCOZGme5ERRk6iy7qpyHCVStA3gNa/7txxwlwv2isSacYUc+l4tADQGQ1mvpBAAIfkEAAsABwAsAAAAABAACwAABS8gII5kaZ7kRFGTqLLuqnIcJVK0DeA1r/u3HHCXC/aKxJpxhRz6Xi0ANAZDWa+kEAA7AAAAAAAAAAAA"/>
<span style="padding-left:5px;">Test in progress</span>
</div>
<div class="progress">...</div>
</xsl:when>
<xsl:when test="../@progress != '' ">...</xsl:when>
</xsl:choose>
<xsl:choose>...</xsl:choose>
</p>
<p>...</p>
<p>
<xsl:choose>
<xsl:when test="./activity[@type='test-suite']">
<xsl:value-of select="./activity/detail" disable-output-escaping="yes"/>
</xsl:when>
<xsl:when test="./activity[@type='test-suite']">...</xsl:when>
<xsl:otherwise>
<xsl:value-of select="./detail" disable-output-escaping="yes"/>
</xsl:otherwise>
<xsl:otherwise>...</xsl:otherwise>
</xsl:choose>
<xsl:choose>...</xsl:choose>
<xsl:value-of select="./activity/@runlabel"/>
</p>
<p>...</p>
<br/>
<!-- EXECUTION INFORMATION -->
<xsl:call-template name="executionInformation"/>
<xsl:variable name="itemCount">
<xsl:value-of select="count(.//item)"/>
</xsl:variable>
<xsl:variable name="itemCount">...</xsl:variable>
<div>
<!-- BUTTONS -->
<div>
<xsl:choose>
<xsl:when test="$itemCount < $maxItems">
<xsl:if test="not(@testentry-activity-type = 'testmodule')">
<input type="button" onclick="expandTestcases()" class="exButton" value="Expand test containers"/>
</xsl:if>
<xsl:if test="not(@testentry-activity-type = 'testmodule')">...</xsl:if>
<input type="button" onclick="expandDetails()" class="exButton" value="Expand details"/>
<input type="button" onclick="collapseAll()" class="exButton" value="Collapse all"/>
</xsl:when>
<xsl:when test="$itemCount < $maxItems">...</xsl:when>
<xsl:otherwise>
<xsl:if test="not(@testentry-activity-type = 'testmodule')">
<input type="button" onclick="expandTestcases()" class="exButton" value="Expand test containers" disabled="disabled"/>
</xsl:if>
<xsl:if test="not(@testentry-activity-type = 'testmodule')">...</xsl:if>
<input type="button" onclick="expandDetails()" class="exButton" value="Expand details" disabled="disabled"/>
<input type="button" onclick="collapseAll()" class="exButton" value="Collapse all" disabled="disabled"/>
<em style="color: #888; font-size: 12px;">Disabled due to performance reasons.</em>
</xsl:otherwise>
<xsl:otherwise>...</xsl:otherwise>
</xsl:choose>
<xsl:choose>...</xsl:choose>
</div>
<div>...</div>
<!-- PIECHART -->
<xsl:if test="not(@testentry-activity-type = 'testmodule')">
<h3 id="testCasesHeader">Test case result summary</h3>
<div id="testCasesPie">
<xsl:attribute name="totalsuccesstestcasecount">
<xsl:value-of select="@totalsuccesstestcasecount"/>
</xsl:attribute>
<xsl:attribute name="totalsuccesstestcasecount">...</xsl:attribute>
<xsl:attribute name="totalfailedtestcasecount">
<xsl:value-of select="@totalfailedtestcasecount"/>
</xsl:attribute>
<xsl:attribute name="totalfailedtestcasecount">...</xsl:attribute>
<xsl:attribute name="totalblockedtestcasecount">
<xsl:value-of select="@totalblockedtestcasecount"/>
</xsl:attribute>
<xsl:attribute name="totalblockedtestcasecount">...</xsl:attribute>
</div>
<div id="testCasesPie">...</div>
</xsl:if>
<xsl:if test="not(@testentry-activity-type = 'testmodule')">...</xsl:if>
</div>
<div>...</div>
<!-- Test Case Filter Checkboxes -->
<div style="margin-top: 20px;">
<xsl:call-template name="globalCategorySelector"> </xsl:call-template>
</div>
<div style="margin-top: 20px;">...</div>
<xsl:if test=".//item[@level='Warn']">
<div class="warnmessage">
<span class="ui-module-icon warn"/>
Warnings occurred. For additional information see the report of the individual modules, please.
</div>
<div class="warnmessage">...</div>
</xsl:if>
<xsl:if test=".//item[@level='Warn']">...</xsl:if>
<xsl:if test="./activity[@type='integration']">
<div class="integration-errormessage">
<span class="ui-module-icon error"/>
Integration service
<xsl:value-of select="./activity[@type='integration']/@integrationtype"/>
has encountered some errors.
<a href="#integrationsection">Click here to navigate to the integration section.</a>
</div>
<div class="integration-errormessage">...</div>
</xsl:if>
<xsl:if test="./activity[@type='integration']">...</xsl:if>
<ul id="treeList" class="ui-treeList">
<!-- PRE TEST SUITE BEGIN -->
<xsl:if test="./activity/preceding-sibling::item">
<li class="ui-treeList-item" id="pre-testsuite">
<h2>
Before Test Suite
<xsl:if test="./activity/preceding-sibling::item[@level='Warn']">
<span class="ui-module-icon warn"/>
</xsl:if>
<xsl:if test="./activity/preceding-sibling::item[@level='Warn']">...</xsl:if>
</h2>
<h2>...</h2>
<ul class="pre-testsuite">
<div class="module-container" style="display:block">
<div class="module-header">
<xsl:call-template name="levelFilterSelector"/>
</div>
<div class="module-header">...</div>
<div class="module-report">
<TABLE border="0" cellSpacing="0" class="reporttable">
<thead>
<th>
<b>Time</b>
</th>
<th>...</th>
<th>
<b>Level</b>
</th>
<th>...</th>
<th>
<b>Category</b>
</th>
<th>...</th>
<th>
<b>Message</b>
</th>
<th>...</th>
</thead>
<thead>...</thead>
<tbody>
<xsl:apply-templates select="./activity/preceding-sibling::item">
<xsl:with-param name="type">standalone</xsl:with-param>
</xsl:apply-templates>
<xsl:apply-templates select="./activity/preceding-sibling::item">...</xsl:apply-templates>
</tbody>
<tbody>...</tbody>
</TABLE>
<TABLE border="0" cellSpacing="0" class="reporttable">...</TABLE>
</div>
<div class="module-report">...</div>
</div>
<div class="module-container" style="display:block">...</div>
</ul>
<ul class="pre-testsuite">...</ul>
</li>
<li class="ui-treeList-item" id="pre-testsuite">...</li>
</xsl:if>
<xsl:if test="./activity/preceding-sibling::item">...</xsl:if>
<!-- PRE TEST SUITE END -->
<xsl:if test="./activity[@type='test-suite']/params/param">
<div class="dataparams dataparams-pre-testsuite">
<xsl:apply-templates select="./activity[@type='test-suite']/params"/>
</div>
<div class="dataparams dataparams-pre-testsuite">...</div>
</xsl:if>
<xsl:if test="./activity[@type='test-suite']/params/param">...</xsl:if>
<xsl:choose>
<xsl:when test="./activity[@type='test-suite']">
<xsl:apply-templates select="./activity/activity">
<xsl:with-param name="itemCount" select="$itemCount"/>
</xsl:apply-templates>
<xsl:apply-templates select="./activity/activity">...</xsl:apply-templates>
</xsl:when>
<xsl:when test="./activity[@type='test-suite']">...</xsl:when>
<xsl:otherwise>
<xsl:apply-templates select="./activity">
<xsl:with-param name="itemCount" select="$itemCount"/>
</xsl:apply-templates>
<xsl:apply-templates select="./activity">...</xsl:apply-templates>
</xsl:otherwise>
<xsl:otherwise>...</xsl:otherwise>
</xsl:choose>
<xsl:choose>...</xsl:choose>
<!-- POST TEST SUITE BEGIN -->
<xsl:if test="./activity/following-sibling::item">
<li class="ui-treeList-item" id="post-testsuite">
<h2>
After Test Suite
<xsl:if test="./activity/following-sibling::item[@level='Warn']">
<span class="ui-module-icon warn"/>
</xsl:if>
<xsl:if test="./activity/following-sibling::item[@level='Warn']">...</xsl:if>
</h2>
<h2>...</h2>
<ul class="pre-testsuite">
<div class="module-container" style="display:block">
<div class="module-header">
<xsl:call-template name="levelFilterSelector"/>
</div>
<div class="module-header">...</div>
<div class="module-report">
<TABLE border="0" cellSpacing="0" class="reporttable">
<thead>
<th>
<b>Time</b>
</th>
<th>...</th>
<th>
<b>Level</b>
</th>
<th>...</th>
<th>
<b>Category</b>
</th>
<th>...</th>
<th>
<b>Message</b>
</th>
<th>...</th>
</thead>
<thead>...</thead>
<tbody>
<xsl:apply-templates select="./activity/following-sibling::item">
<xsl:with-param name="type">standalone</xsl:with-param>
</xsl:apply-templates>
<xsl:apply-templates select="./activity/following-sibling::item">...</xsl:apply-templates>
</tbody>
<tbody>...</tbody>
</TABLE>
<TABLE border="0" cellSpacing="0" class="reporttable">...</TABLE>
</div>
<div class="module-report">...</div>
</div>
<div class="module-container" style="display:block">...</div>
</ul>
<ul class="pre-testsuite">...</ul>
</li>
<li class="ui-treeList-item" id="post-testsuite">...</li>
</xsl:if>
<xsl:if test="./activity/following-sibling::item">...</xsl:if>
<!-- POST TEST SUITE END -->
<!-- INTEGRATION SECTION BEGIN -->
<xsl:if test="./activity[@type='integration']">
<a name="integrationsection"/>
<li class="ui-treeList-item" id="integration-testsuite">
<h2>
<xsl:value-of select="./activity[@type='integration']/@integrationtype"/>
Report Section
</h2>
<h2>...</h2>
<ul class="pre-testsuite">
<div class="module-report">
<TABLE border="0" cellSpacing="0" class="Integration">
<thead>
<th>
<b>Time</b>
</th>
<th>...</th>
<th>
<b>Level</b>
</th>
<th>...</th>
<th>
<b>Category</b>
</th>
<th>...</th>
<th>
<b>Message</b>
</th>
<th>...</th>
</thead>
<thead>...</thead>
<tbody>
<xsl:apply-templates select="./activity[@type='integration']/item">
<xsl:with-param name="type">standalone</xsl:with-param>
</xsl:apply-templates>
<xsl:apply-templates select="./activity[@type='integration']/item">...</xsl:apply-templates>
</tbody>
<tbody>...</tbody>
</TABLE>
<TABLE border="0" cellSpacing="0" class="Integration">...</TABLE>
</div>
<div class="module-report">...</div>
</ul>
<ul class="pre-testsuite">...</ul>
</li>
<li class="ui-treeList-item" id="integration-testsuite">...</li>
</xsl:if>
<xsl:if test="./activity[@type='integration']">...</xsl:if>
<!-- INTEGRATION SECTION END -->
</ul>
<ul id="treeList" class="ui-treeList">...</ul>
</xsl:when>
<xsl:when test="./activity[@type='test-suite' or @type='test-case' or @type='smart-folder' or @type='iteration-container' or @type='entry-container']">...</xsl:when>
<!-- Standalone Recording Template -->
<xsl:otherwise>
<h1>
<xsl:value-of select="@module"/>
</h1>
<h1>...</h1>
<xsl:choose>
<xsl:when test="../@progress != '' ">
<div class="progress">
<img alt="progress" width="16" height="6" src="data:image/gif;base64,R0lGODlhEAALAPQAAPPz8wAAANDQ0MbGxt/f3wUFBQAAACwsLHx8fFtbW7GxsSAgIEZGRoSEhF9fX7W1tSQkJAMDA0pKStzc3M7Ozunp6TU1NdLS0ufn566urpmZmcHBwePj4wAAAAAAAAAAACH+GkNyZWF0ZWQgd2l0aCBhamF4bG9hZC5pbmZvACH5BAALAAAAIf8LTkVUU0NBUEUyLjADAQAAACwAAAAAEAALAAAFLSAgjmRpnqSgCuLKAq5AEIM4zDVw03ve27ifDgfkEYe04kDIDC5zrtYKRa2WQgAh+QQACwABACwAAAAAEAALAAAFJGBhGAVgnqhpHIeRvsDawqns0qeN5+y967tYLyicBYE7EYkYAgAh+QQACwACACwAAAAAEAALAAAFNiAgjothLOOIJAkiGgxjpGKiKMkbz7SN6zIawJcDwIK9W/HISxGBzdHTuBNOmcJVCyoUlk7CEAAh+QQACwADACwAAAAAEAALAAAFNSAgjqQIRRFUAo3jNGIkSdHqPI8Tz3V55zuaDacDyIQ+YrBH+hWPzJFzOQQaeavWi7oqnVIhACH5BAALAAQALAAAAAAQAAsAAAUyICCOZGme1rJY5kRRk7hI0mJSVUXJtF3iOl7tltsBZsNfUegjAY3I5sgFY55KqdX1GgIAIfkEAAsABQAsAAAAABAACwAABTcgII5kaZ4kcV2EqLJipmnZhWGXaOOitm2aXQ4g7P2Ct2ER4AMul00kj5g0Al8tADY2y6C+4FIIACH5BAALAAYALAAAAAAQAAsAAAUvICCOZGme5ERRk6iy7qpyHCVStA3gNa/7txxwlwv2isSacYUc+l4tADQGQ1mvpBAAIfkEAAsABwAsAAAAABAACwAABS8gII5kaZ7kRFGTqLLuqnIcJVK0DeA1r/u3HHCXC/aKxJpxhRz6Xi0ANAZDWa+kEAA7AAAAAAAAAAAA"/>
<span style="padding-left:5px;">Test in progress</span>
</div>
<div class="progress">...</div>
</xsl:when>
<xsl:when test="../@progress != '' ">...</xsl:when>
<xsl:otherwise>
<h2 class="module {@result}">
<span class="ui-status-icon"/>
<xsl:value-of select="@result"/>
</h2>
<h2 class="module {@result}">...</h2>
</xsl:otherwise>
<xsl:otherwise>...</xsl:otherwise>
</xsl:choose>
<xsl:choose>...</xsl:choose>
<xsl:call-template name="executionInformation"/>
<xsl:choose>
<xsl:when test=".//item">
<div style="margin-top: 20px;">
<xsl:call-template name="levelFilterSelector"/>
</div>
<div style="margin-top: 20px;">...</div>
<div class="module-report" style="margin:15px 0 40px 0; position:relative;">
<TABLE border="0" cellSpacing="0" class="reporttable">
<thead>
<tr>
<th>
<b>Time</b>
</th>
<th>...</th>
<th>
<b>Level</b>
</th>
<th>...</th>
<th>
<b>Category</b>
</th>
<th>...</th>
<th>
<b>Message</b>
</th>
<th>...</th>
</tr>
<tr>...</tr>
</thead>
<thead>...</thead>
<tbody>
<xsl:apply-templates select="./item">
<xsl:with-param name="type">standalone</xsl:with-param>
</xsl:apply-templates>
<xsl:apply-templates select="./item">...</xsl:apply-templates>
</tbody>
<tbody>...</tbody>
</TABLE>
<TABLE border="0" cellSpacing="0" class="reporttable">...</TABLE>
</div>
<div class="module-report" style="margin:15px 0 40px 0; position:relative;">...</div>
</xsl:when>
<xsl:when test=".//item">...</xsl:when>
<xsl:otherwise>
<!-- No Item. -->
</xsl:otherwise>
<xsl:otherwise>...</xsl:otherwise>
</xsl:choose>
<xsl:choose>...</xsl:choose>
</xsl:otherwise>
<xsl:otherwise>...</xsl:otherwise>
</xsl:choose>
<xsl:choose>...</xsl:choose>
</div>
<div id="Content">...</div>
<xsl:choose>
<xsl:when test="../@progress != '' ">
<div style="width:99%; text-align:center;padding-bottom: 10px;">
<div class="progress">
<img alt="progress" width="16" height="11" src="data:image/gif;base64,R0lGODlhEAALAPQAAPPz8wAAANDQ0MbGxt/f3wUFBQAAACwsLHx8fFtbW7GxsSAgIEZGRoSEhF9fX7W1tSQkJAMDA0pKStzc3M7Ozunp6TU1NdLS0ufn566urpmZmcHBwePj4wAAAAAAAAAAACH+GkNyZWF0ZWQgd2l0aCBhamF4bG9hZC5pbmZvACH5BAALAAAAIf8LTkVUU0NBUEUyLjADAQAAACwAAAAAEAALAAAFLSAgjmRpnqSgCuLKAq5AEIM4zDVw03ve27ifDgfkEYe04kDIDC5zrtYKRa2WQgAh+QQACwABACwAAAAAEAALAAAFJGBhGAVgnqhpHIeRvsDawqns0qeN5+y967tYLyicBYE7EYkYAgAh+QQACwACACwAAAAAEAALAAAFNiAgjothLOOIJAkiGgxjpGKiKMkbz7SN6zIawJcDwIK9W/HISxGBzdHTuBNOmcJVCyoUlk7CEAAh+QQACwADACwAAAAAEAALAAAFNSAgjqQIRRFUAo3jNGIkSdHqPI8Tz3V55zuaDacDyIQ+YrBH+hWPzJFzOQQaeavWi7oqnVIhACH5BAALAAQALAAAAAAQAAsAAAUyICCOZGme1rJY5kRRk7hI0mJSVUXJtF3iOl7tltsBZsNfUegjAY3I5sgFY55KqdX1GgIAIfkEAAsABQAsAAAAABAACwAABTcgII5kaZ4kcV2EqLJipmnZhWGXaOOitm2aXQ4g7P2Ct2ER4AMul00kj5g0Al8tADY2y6C+4FIIACH5BAALAAYALAAAAAAQAAsAAAUvICCOZGme5ERRk6iy7qpyHCVStA3gNa/7txxwlwv2isSacYUc+l4tADQGQ1mvpBAAIfkEAAsABwAsAAAAABAACwAABS8gII5kaZ7kRFGTqLLuqnIcJVK0DeA1r/u3HHCXC/aKxJpxhRz6Xi0ANAZDWa+kEAA7AAAAAAAAAAAA"/>
<span style="padding-left:5px;">Test in progress</span>
</div>
<div class="progress">...</div>
</div>
<div style="width:99%; text-align:center;padding-bottom: 10px;">...</div>
<div style="width:100%; text-align:center;padding-bottom: 10px;">
<input type="submit" onclick="window.location.reload(false)" class="hyperlinkButton" value="Click here to refresh"/>
</div>
<div style="width:100%; text-align:center;padding-bottom: 10px;">...</div>
</xsl:when>
<xsl:when test="../@progress != '' ">...</xsl:when>
</xsl:choose>
<xsl:choose>...</xsl:choose>
<div style="clear:both"/>
<div id="Footer"/>
</div>
<div id="container">...</div>
</div>
<div id="page">...</div>
</xsl:template>
<xsl:template match="/report/*">...</xsl:template>
<!-- TESTCASE AND CONTAINER TEMPLATE -->
<xsl:template match="activity[(@type='test-case' or @type='smart-folder' or @type='iteration-container' or @type='entry-container') and not(@result='Pending')]">
<xsl:param name="itemCount"/>
<xsl:variable name="activityclassname" select="concat(@type, ' ', @testentry-activity-type, ' ',@iteration-exectype, ' ', @activity-exectype)"/>
<li class="{@result} ui-treeList-item {$activityclassname}" id="container{@rid}">
<xsl:variable name="success" select="@childsuccesscount"/>
<xsl:variable name="failed" select="@childfailedcount"/>
<xsl:variable name="ignored" select="@childblockedcount"/>
<xsl:variable name="max" select="$success + $failed + $ignored"/>
<h2 class="{@result}" onclick="OnLoadContentDynamic('{@rid}','container',this);" onMouseOver="DisplayHoverMenu(this);" onMouseOut="HideHoverMenu(this)">
<!-- JUMP TO -->
<xsl:if test="./@testcontainerid">
<xsl:variable name="jumpToText">
<xsl:choose>
<xsl:when test="./@testentry-activity-type='testcase' or ./@type='test-case'">
<xsl:text>Jump to test case</xsl:text>
</xsl:when>
<xsl:when test="./@testentry-activity-type='testcase' or ./@type='test-case'">...</xsl:when>
<xsl:otherwise>
<xsl:text>Jump to smart folder</xsl:text>
</xsl:otherwise>
<xsl:otherwise>...</xsl:otherwise>
</xsl:choose>
<xsl:choose>...</xsl:choose>
</xsl:variable>
<xsl:variable name="jumpToText">...</xsl:variable>
<div class="controls-container testcase">
<a href="#" class="jump-to">
<metainfo id="{@testcontainerid}" type="{$activityclassname}"/>
<span class="ui-icon"/>
<xsl:value-of select="$jumpToText"/>
</a>
<a href="#" class="jump-to">...</a>
</div>
<div class="controls-container testcase">...</div>
</xsl:if>
<xsl:if test="./@testcontainerid">...</xsl:if>
<span class="ui-status-icon ui-treeList-toggle-child"/>
<span class="ui-icon {$activityclassname} ui-treeList-toggle-child"/>
<!-- DISPLAY NAME TEXT -->
<Span class="displayname {$activityclassname} ui-treeList-toggle-child">
<xsl:value-of select="./@displayName"/>
</Span>
<Span class="displayname {$activityclassname} ui-treeList-toggle-child">...</Span>
<xsl:if test="./@conditionstate='met'">
<span class="ui-module-icon conditionmet ui-treeList-toggle-child"/>
</xsl:if>
<xsl:if test="./@conditionstate='met'">...</xsl:if>
<xsl:if test="./@conditionstate='notmet'">
<span class="ui-module-icon conditionnotmet ui-treeList-toggle-child"/>
</xsl:if>
<xsl:if test="./@conditionstate='notmet'">...</xsl:if>
<!-- SHOW STATUS ICON - WARN, ERROR AND MAINTENANCEMODE -->
<xsl:if test=".//item[@level='Warn']">
<span class="ui-module-icon warn ui-treeList-toggle-child"/>
</xsl:if>
<xsl:if test=".//item[@level='Warn']">...</xsl:if>
<xsl:if test=".//item[@level='Error' or @level='Failure']">
<span class="ui-module-icon error ui-treeList-toggle-child"/>
</xsl:if>
<xsl:if test=".//item[@level='Error' or @level='Failure']">...</xsl:if>
<xsl:if test="@totalmaintenancemodecount > 0">
<span class="ui-module-icon MaintenanceMode" title="Maintenance mode"/>
</xsl:if>
<xsl:if test="@totalmaintenancemodecount > 0">...</xsl:if>
<!-- ITERATION INFO TEXT -->
<xsl:if test="@iteration-exectype or (@activity-exectype and @activity-exectype != 'execute')">
<span class="iterationinfo {$activityclassname} ui-treeList-toggle-child">
<xsl:choose>
<xsl:when test="@iteration-exectype = 'dataiteration'">
<xsl:text>Rows:</xsl:text>
</xsl:when>
<xsl:when test="@iteration-exectype = 'dataiteration'">...</xsl:when>
<xsl:when test="@iteration-exectype = 'runiteration'">
<xsl:text>Iterations:</xsl:text>
</xsl:when>
<xsl:when test="@iteration-exectype = 'runiteration'">...</xsl:when>
<xsl:when test="@activity-exectype = 'dataiteration'">
<xsl:text>Data Row:</xsl:text>
</xsl:when>
<xsl:when test="@activity-exectype = 'dataiteration'">...</xsl:when>
<xsl:when test="@activity-exectype = 'runiteration'">
<xsl:text>Run:</xsl:text>
</xsl:when>
<xsl:when test="@activity-exectype = 'runiteration'">...</xsl:when>
</xsl:choose>
<xsl:choose>...</xsl:choose>
</span>
<span class="iterationinfo {$activityclassname} ui-treeList-toggle-child">...</span>
<strong class="iterationinfo {$activityclassname} ui-treeList-toggle-child">
<xsl:value-of select="concat(@dataiterationcount, @iterationCount, @iteration)"/>
</strong>
<strong class="iterationinfo {$activityclassname} ui-treeList-toggle-child">...</strong>
</xsl:if>
<xsl:if test="@iteration-exectype or (@activity-exectype and @activity-exectype != 'execute')">...</xsl:if>
<!-- RETRY INFO TEXT -->
<xsl:if test="@retry">
<span>
<span class="ui-module-icon retry ui-treeList-toggle-child"/>
<span class="retryLabel">
<xsl:value-of select="@retry"/>
</span>
<span class="retryLabel">...</span>
</span>
<span>...</span>
</xsl:if>
<xsl:if test="@retry">...</xsl:if>
<xsl:call-template name="ActivityDescription"/>
<xsl:if test="(@result='Success' or (@result='Failed' or @result='Active')) and $max > 0">
<xsl:variable name="maxWidth" select="150"/>
<xsl:variable name="widthSuccess">
<xsl:value-of select="round(($success div $max) * $maxWidth)"/>
</xsl:variable>
<xsl:variable name="widthSuccess">...</xsl:variable>
<xsl:variable name="widthFailed">
<xsl:value-of select="round(($failed div $max) * $maxWidth)"/>
</xsl:variable>
<xsl:variable name="widthFailed">...</xsl:variable>
<xsl:if test="$widthSuccess < $maxWidth and $widthFailed < $maxWidth">
<div id="chart{@rid}" style="position: absolute; display:block; font-size:0; width:{$maxWidth}px; margin-top: 5px; right:60px; height: 8px; background-color:#777; border:1px #979797 solid; overflow: hidden; top: 6px; ">
<div style="position: absolute; width:{$widthSuccess}px; height: 8px; background-color:#42af6f;"/>
<div style="position: absolute; margin-left:{$widthSuccess}px; width:{$widthFailed}px; height: 8px; background-color:#e10000; "/>
</div>
<div id="chart{@rid}" style="position: absolute; display:block; font-size:0; width:{$maxWidth}px; margin-top: 5px; right:60px; height: 8px; background-color:#777; border:1px #979797 solid; overflow: hidden; top: 6px; ">...</div>
</xsl:if>
<xsl:if test="$widthSuccess < $maxWidth and $widthFailed < $maxWidth">...</xsl:if>
</xsl:if>
<xsl:if test="(@result='Success' or (@result='Failed' or @result='Active')) and $max > 0">...</xsl:if>
<span class="duration">
<xsl:value-of select="./@duration"/>
</span>
<span class="duration">...</span>
</h2>
<h2 class="{@result}" onclick="OnLoadContentDynamic('{@rid}','container',this);" onMouseOver="DisplayHoverMenu(this);" onMouseOut="HideHoverMenu(this)">...</h2>
<ul>
<xsl:call-template name="DetailedActivityDescription"/>
<xsl:if test="./errormessage">
<div class="errormessage">
<b class="message">
<xsl:value-of select="./errormessage"/>
</b>
<b class="message">...</b>
</div>
<div class="errormessage">...</div>
</xsl:if>
<xsl:if test="./errormessage">...</xsl:if>
<xsl:if test="./params/param">
<div class="dataparams">
<xsl:apply-templates select="./params"/>
</div>
<div class="dataparams">...</div>
</xsl:if>
<xsl:if test="./params/param">...</xsl:if>
<xsl:if test="./datarow/field">
<div class="datarow">
<xsl:apply-templates select="./datarow"/>
</div>
<div class="datarow">...</div>
</xsl:if>
<xsl:if test="./datarow/field">...</xsl:if>
<xsl:if test="$loadAll = 1">
<xsl:apply-templates select="./activity">
<xsl:with-param name="itemCount" select="$itemCount"/>
</xsl:apply-templates>
<xsl:apply-templates select="./activity">...</xsl:apply-templates>
</xsl:if>
<xsl:if test="$loadAll = 1">...</xsl:if>
</ul>
<ul>...</ul>
</li>
<li class="{@result} ui-treeList-item {$activityclassname}" id="container{@rid}">...</li>
</xsl:template>
<xsl:template match="activity[(@type='test-case' or @type='smart-folder' or @type='iteration-container' or @type='entry-container') and not(@result='Pending')]">...</xsl:template>
<xsl:template match="datarow|params">
<div class="binding">
<div onclick="showBinding(this)" class="showBinding">
<span class="binding-icon binding-icon-expand"/>
<a class="binding-header">Test data</a>
</div>
<div onclick="showBinding(this)" class="showBinding">...</div>
<div onclick="hideBinding(this)" class="hideBinding binding-hidden">
<span class="binding-icon binding-icon-collapse"/>
<a class="binding-header">Test data</a>
</div>
<div onclick="hideBinding(this)" class="hideBinding binding-hidden">...</div>
<table class="binding-hidden">
<xsl:for-each select="(field|param)[position() mod $cellsPerRow = 1]">
<tr>
<xsl:apply-templates select=".|(following-sibling::field|following-sibling::param)[position() < $cellsPerRow]"/>
</tr>
<tr>...</tr>
</xsl:for-each>
<xsl:for-each select="(field|param)[position() mod $cellsPerRow = 1]">...</xsl:for-each>
</table>
<table class="binding-hidden">...</table>
</div>
<div class="binding">...</div>
</xsl:template>
<xsl:template match="datarow|params">...</xsl:template>
<!-- PARAMETER OR DATA COLUMN 'NAME - VALUE' TEMPLATE -->
<xsl:template match="param|field">
<td>
<xsl:value-of select="./@name"/>
:
<b>
<xsl:value-of select="."/>
</b>
<b>...</b>
</td>
<td>...</td>
</xsl:template>
<xsl:template match="param|field">...</xsl:template>
<!-- SETUP and TEARDOWN TEMPLATE -->
<xsl:template match="activity[@type='setup-container' or @type='teardown-container']">
<xsl:param name="itemCount"/>
<li class="{@result} setup-teardown" id="container{@rid}">
<h2 class="{@result}" onclick="OnLoadContentDynamic('{@rid}','container',this);">
<span class="ui-status-icon"/>
<xsl:if test="@type='setup-container'">SETUP</xsl:if>
<xsl:if test="@type='teardown-container'">TEARDOWN</xsl:if>
<!-- SHOW STATUS ICON - WARN, ERROR AND MAINTENANCEMODE -->
<xsl:if test=".//item[@level='Warn']">
<span class="ui-module-icon warn"/>
</xsl:if>
<xsl:if test=".//item[@level='Warn']">...</xsl:if>
<xsl:if test=".//item[@level='Error' or @level='Failure']">
<span class="ui-module-icon error"/>
</xsl:if>
<xsl:if test=".//item[@level='Error' or @level='Failure']">...</xsl:if>
<xsl:if test="@totalmaintenancemodecount > 0">
<span class="ui-module-icon MaintenanceMode" title="Maintenance mode"/>
</xsl:if>
<xsl:if test="@totalmaintenancemodecount > 0">...</xsl:if>
<span class="duration">
<xsl:value-of select="./@duration"/>
</span>
<span class="duration">...</span>
</h2>
<h2 class="{@result}" onclick="OnLoadContentDynamic('{@rid}','container',this);">...</h2>
<ul>
<xsl:if test="$loadAll = 1">
<xsl:apply-templates select="./activity">
<xsl:with-param name="itemCount" select="$itemCount"/>
</xsl:apply-templates>
<xsl:apply-templates select="./activity">...</xsl:apply-templates>
</xsl:if>
<xsl:if test="$loadAll = 1">...</xsl:if>
</ul>
<ul>...</ul>
</li>
<li class="{@result} setup-teardown" id="container{@rid}">...</li>
</xsl:template>
<xsl:template match="activity[@type='setup-container' or @type='teardown-container']">...</xsl:template>
<!-- TEST MODULE TEMPLATE -->
<xsl:template match="activity[@type='test-module']">
<xsl:param name="itemCount"/>
<li>
<h3 class="module-title {@result}" id="testmodule{@rid}" onclick="OnLoadContentDynamic('{@rid}','testmodule',this);">
<a href="#">
<span class="ui-icon ui-icon-circle-triangle-e"/>
<span class="ui-status-icon"/>
<span class="ui-module-icon {@moduletype}"/>
<xsl:value-of select="./@modulename"/>
<!-- SHOW STATUS ICON - WARN, ERROR AND MAINTENANCEMODE -->
<xsl:if test=".//item[@level='Warn']">
<span class="ui-module-icon warn"/>
</xsl:if>
<xsl:if test=".//item[@level='Warn']">...</xsl:if>
<xsl:if test=".//item[@level='Error' or @level='Failure']">
<span class="ui-module-icon error"/>
</xsl:if>
<xsl:if test=".//item[@level='Error' or @level='Failure']">...</xsl:if>
<xsl:if test="@totalmaintenancemodecount > 0">
<span class="ui-module-icon MaintenanceMode" title="Maintenance mode"/>
</xsl:if>
<xsl:if test="@totalmaintenancemodecount > 0">...</xsl:if>
<i>
<xsl:value-of select="./detail"/>
</i>
<i>...</i>
<span class="duration">
<xsl:value-of select="./@duration"/>
</span>
<span class="duration">...</span>
</a>
<a href="#">...</a>
</h3>
<h3 class="module-title {@result}" id="testmodule{@rid}" onclick="OnLoadContentDynamic('{@rid}','testmodule',this);">...</h3>
<div class="module-container">
<xsl:choose>
<xsl:when test=".//item">
<div class="module-header">
<xsl:call-template name="levelFilterSelector"/>
</div>
<div class="module-header">...</div>
<div class="module-report">
<TABLE border="0" cellSpacing="0" class="reporttable">
<thead>
<th>
<b>Time</b>
</th>
<th>...</th>
<th>
<b>Level</b>
</th>
<th>...</th>
<th>
<b>Category</b>
</th>
<th>...</th>
<th>
<b>Message</b>
</th>
<th>...</th>
</thead>
<thead>...</thead>
<tbody>
<xsl:if test="$loadAll = 1">
<xsl:apply-templates select="./item">
<xsl:with-param name="type">testsuite</xsl:with-param>
</xsl:apply-templates>
<xsl:apply-templates select="./item">...</xsl:apply-templates>
</xsl:if>
<xsl:if test="$loadAll = 1">...</xsl:if>
</tbody>
<tbody>...</tbody>
<!--
additional metadata per module activity (added by mgi)
-->
<!--...-->
<xsl:copy-of select="./varbindings/varbinding"/>
</TABLE>
<TABLE border="0" cellSpacing="0" class="reporttable">...</TABLE>
</div>
<div class="module-report">...</div>
</xsl:when>
<xsl:when test=".//item">...</xsl:when>
<xsl:otherwise>
<!-- No Item. -->
</xsl:otherwise>
<xsl:otherwise>...</xsl:otherwise>
</xsl:choose>
<xsl:choose>...</xsl:choose>
</div>
<div class="module-container">...</div>
</li>
<li>...</li>
</xsl:template>
<xsl:template match="activity[@type='test-module']">...</xsl:template>
<!--
MODULE GROUP TEMPLATE [Expand/Collapse][StatusIcon][ModulgroupIcon][ModuleGroupName] ... [Duration]
-->
<!--...-->
<xsl:template match="activity[@type='module-group']">
<xsl:param name="itemCount"/>
<li class="modulgroup {@result} ui-treeList-item">
<h2 class="modulgroup {@result}">
<span class="ui-status-icon"/>
<span class="ui-icon modulegroup"/>
<xsl:value-of select="./@modulegroupname"/>
<!-- SHOW STATUS ICON - WARN, ERROR AND MAINTENANCEMODE -->
<xsl:if test=".//item[@level='Warn']">
<span class="ui-module-icon warn"/>
</xsl:if>
<xsl:if test=".//item[@level='Warn']">...</xsl:if>
<xsl:if test=".//item[@level='Error' or @level='Failure']">
<span class="ui-module-icon error"/>
</xsl:if>
<xsl:if test=".//item[@level='Error' or @level='Failure']">...</xsl:if>
<xsl:if test="@totalmaintenancemodecount > 0">
<span class="ui-module-icon MaintenanceMode" title="Maintenance mode"/>
</xsl:if>
<xsl:if test="@totalmaintenancemodecount > 0">...</xsl:if>
<xsl:call-template name="ActivityDescription"/>
<span class="duration">
<xsl:value-of select="./@duration"/>
</span>
<span class="duration">...</span>
</h2>
<h2 class="modulgroup {@result}">...</h2>
<ul>
<xsl:call-template name="DetailedActivityDescription"/>
<!-- ModuleGroup Warn Messages -->
<xsl:choose>
<xsl:when test="./item">
<div class="warnmessage" style="margin-top:8px; ">
<xsl:for-each select="./item">
<xsl:copy-of select="./message"/>
</xsl:for-each>
<xsl:for-each select="./item">...</xsl:for-each>
</div>
<div class="warnmessage" style="margin-top:8px; ">...</div>
</xsl:when>
<xsl:when test="./item">...</xsl:when>
</xsl:choose>
<xsl:choose>...</xsl:choose>
<!-- Sub Items of ModuleGroup -->
<xsl:choose>
<xsl:when test="@result='Failed' or @result='Active' or @result='Ignored' or @result='Success'">
<xsl:apply-templates select="./activity">
<xsl:with-param name="itemCount" select="$itemCount"/>
</xsl:apply-templates>
<xsl:apply-templates select="./activity">...</xsl:apply-templates>
</xsl:when>
<xsl:when test="@result='Failed' or @result='Active' or @result='Ignored' or @result='Success'">...</xsl:when>
</xsl:choose>
<xsl:choose>...</xsl:choose>
</ul>
<ul>...</ul>
</li>
<li class="modulgroup {@result} ui-treeList-item">...</li>
</xsl:template>
<xsl:template match="activity[@type='module-group']">...</xsl:template>
<!--
FOLDER TEMPLATE [Expand/Collapse][StatusIcon][FolderIcon][FolderName] ... [Duration]
-->
<!--...-->
<xsl:template match="activity[@type='folder']">
<xsl:param name="itemCount"/>
<li class="folder {@result} ui-treeList-item">
<h2 class="folder {@result}">
<span class="ui-status-icon"/>
<span class="ui-icon folder"/>
<xsl:value-of select="./@foldername"/>
<!-- SHOW STATUS ICON - WARN, ERROR AND MAINTENANCEMODE -->
<xsl:if test=".//item[@level='Warn']">
<span class="ui-module-icon warn"/>
</xsl:if>
<xsl:if test=".//item[@level='Warn']">...</xsl:if>
<xsl:if test=".//item[@level='Error' or @level='Failure']">
<span class="ui-module-icon error"/>
</xsl:if>
<xsl:if test=".//item[@level='Error' or @level='Failure']">...</xsl:if>
<xsl:if test="@totalmaintenancemodecount > 0">
<span class="ui-module-icon MaintenanceMode" title="Maintenance mode"/>
</xsl:if>
<xsl:if test="@totalmaintenancemodecount > 0">...</xsl:if>
<xsl:call-template name="ActivityDescription"/>
<span class="duration">
<xsl:value-of select="./@duration"/>
</span>
<span class="duration">...</span>
</h2>
<h2 class="folder {@result}">...</h2>
<ul>
<xsl:call-template name="DetailedActivityDescription"/>
<xsl:choose>
<xsl:when test="@result='Failed' or @result='Active' or @result='Ignored' or @result='Success'">
<xsl:apply-templates select="./activity">
<xsl:with-param name="itemCount" select="$itemCount"/>
</xsl:apply-templates>
<xsl:apply-templates select="./activity">...</xsl:apply-templates>
</xsl:when>
<xsl:when test="@result='Failed' or @result='Active' or @result='Ignored' or @result='Success'">...</xsl:when>
</xsl:choose>
<xsl:choose>...</xsl:choose>
</ul>
<ul>...</ul>
</li>
<li class="folder {@result} ui-treeList-item">...</li>
</xsl:template>
<xsl:template match="activity[@type='folder']">...</xsl:template>
<!--
ITEM TEMPLATE [Time] [Level] [Category] [Message] (Hover -> Menu(Jump to Item, Edit in Spy ...))
-->
<!--...-->
<xsl:template match="item">
<xsl:param name="type"/>
<xsl:variable name="tablerowclass">
<xsl:choose>
<xsl:when test="@category='MaintenanceMode'">
<xsl:value-of select="concat(translate(@level,' ','_'),' ', @category)"/>
</xsl:when>
<xsl:when test="@category='MaintenanceMode'">...</xsl:when>
<xsl:otherwise>
<xsl:value-of select="translate(@level,' ','_')"/>
</xsl:otherwise>
<xsl:otherwise>...</xsl:otherwise>
</xsl:choose>
<xsl:choose>...</xsl:choose>
</xsl:variable>
<xsl:variable name="tablerowclass">...</xsl:variable>
<tr class="{$tablerowclass}" style="{@style}" onMouseOver="DisplayHoverMenu(this)" onMouseOut="HideHoverMenu(this)">
<td class="timeCell">
<xsl:value-of select="./@time"/>
</td>
<td class="timeCell">...</td>
<td class="levelCell">
<xsl:value-of select="./@level"/>
</td>
<td class="levelCell">...</td>
<td class="categoryCell">
<xsl:value-of select="./@category"/>
</td>
<td class="categoryCell">...</td>
<td class="messageCell {$type}">
<xsl:if test="metainfo">
<xsl:variable name="controls-class">
<xsl:choose>
<xsl:when test="./metainfo/@path and (@level='Error' or @level='Warn')">
<xsl:text>controls-container three-columns</xsl:text>
</xsl:when>
<xsl:when test="./metainfo/@path and (@level='Error' or @level='Warn')">...</xsl:when>
<xsl:when test="./metainfo/@path or @level='Error' or @level='Warn'">
<xsl:text>controls-container two-columns</xsl:text>
</xsl:when>
<xsl:when test="./metainfo/@path or @level='Error' or @level='Warn'">...</xsl:when>
<xsl:otherwise>
<xsl:text>controls-container</xsl:text>
</xsl:otherwise>
<xsl:otherwise>...</xsl:otherwise>
</xsl:choose>
<xsl:choose>...</xsl:choose>
</xsl:variable>
<xsl:variable name="controls-class">...</xsl:variable>
<!-- Jump-To Popup -->
<xsl:if test="not(@category = 'Popup Watcher')">
<!-- No jump-to possible for Popup Watcher -->
<xsl:if test="./metainfo/@id or ./metainfo/@path or ((./metainfo/@codefile and ./metainfo/@codeline) or ./metainfo/@itemindex) or (@level='Error' or @level='Warn')">
<div class="{$controls-class}">
<xsl:if test="(./metainfo/@codefile and ./metainfo/@codeline) or ./metainfo/@itemindex or ./metainfo/@id">
<a href="#" class="jump-to">
<xsl:copy-of select="./metainfo"/>
<span class="ui-icon"/>
Jump to item
</a>
<a href="#" class="jump-to">...</a>
<xsl:if test="@errimg and ./metainfo/@replaceImage='true'">
<a href="#" class="replace-reference-img">
<metainfo codefile="{./metainfo/@codefile}" itemindex="{./metainfo/@itemindex}" img="{@errimg}"/>
<span class="ui-icon"/>
Replace expected image
</a>
<a href="#" class="replace-reference-img">...</a>
</xsl:if>
<xsl:if test="@errimg and ./metainfo/@replaceImage='true'">...</xsl:if>
</xsl:if>
<xsl:if test="(./metainfo/@codefile and ./metainfo/@codeline) or ./metainfo/@itemindex or ./metainfo/@id">...</xsl:if>
<xsl:if test="./metainfo/@matchvalue and @level='Success' and @category='MaintenanceMode'">
<a href="#" class="apply-match">
<xsl:copy-of select="./metainfo"/>
<span class="ui-icon"/>
Apply new value
</a>
<a href="#" class="apply-match">...</a>
</xsl:if>
<xsl:if test="./metainfo/@matchvalue and @level='Success' and @category='MaintenanceMode'">...</xsl:if>
<xsl:if test="./metainfo/@path and @level='Success' and @category='MaintenanceMode'">
<xsl:if test="./metainfo/@hasvars='True'">
<a href="#" class="edit-in-spy" id="hasVars">
<xsl:copy-of select="./metainfo"/>
<span class="ui-icon"/>
Edit path manually
</a>
<a href="#" class="edit-in-spy" id="hasVars">...</a>
</xsl:if>
<xsl:if test="./metainfo/@hasvars='True'">...</xsl:if>
<xsl:if test="./metainfo/@hasvars='False'">
<a href="#" class="edit-in-spy" id="noVars">
<xsl:copy-of select="./metainfo"/>
<span class="ui-icon"/>
Apply path changes
</a>
<a href="#" class="edit-in-spy" id="noVars">...</a>
</xsl:if>
<xsl:if test="./metainfo/@hasvars='False'">...</xsl:if>
</xsl:if>
<xsl:if test="./metainfo/@path and @level='Success' and @category='MaintenanceMode'">...</xsl:if>
<xsl:if test="./metainfo/@path">
<a href="#" class="spy">
<xsl:copy-of select="./metainfo"/>
<span class="ui-icon"/>
<span class="spytext">Edit in Spy</span>
</a>
<a href="#" class="spy">...</a>
</xsl:if>
<xsl:if test="./metainfo/@path">...</xsl:if>
<xsl:if test="@level='Error' or @level='Warn'">
<a href="#" class="help">
<span class="ui-icon"/>
View Help
</a>
<a href="#" class="help">...</a>
</xsl:if>
<xsl:if test="@level='Error' or @level='Warn'">...</xsl:if>
</div>
<div class="{$controls-class}">...</div>
</xsl:if>
<xsl:if test="./metainfo/@id or ./metainfo/@path or ((./metainfo/@codefile and ./metainfo/@codeline) or ./metainfo/@itemindex) or (@level='Error' or @level='Warn')">...</xsl:if>
</xsl:if>
<xsl:if test="not(@category = 'Popup Watcher')">...</xsl:if>
</xsl:if>
<xsl:if test="metainfo">...</xsl:if>
<xsl:copy-of select="./message"/>
<xsl:if test="./metainfo/@stacktrace">
<div class="stacktrace">
<span onclick="$(this).next().toggle();">Show/Hide Stacktrace</span>
<p>
<xsl:value-of select="./metainfo/@stacktrace"/>
</p>
<p>...</p>
</div>
<div class="stacktrace">...</div>
</xsl:if>
<xsl:if test="./metainfo/@stacktrace">...</xsl:if>
<xsl:if test="@errimg">
<br/>
<a href="{@errimg}" class="thickbox" rel="modulename">
<img src="{@errthumb}" alt="Screenshot"/>
</a>
<a href="{@errimg}" class="thickbox" rel="modulename">...</a>
</xsl:if>
<xsl:if test="@errimg">...</xsl:if>
<xsl:if test="./metainfo/@warningMessage">
<div class="warningMessage">
<span class="ui-icon"/>
<xsl:value-of select="./metainfo/@warningMessage"/>
</div>
<div class="warningMessage">...</div>
</xsl:if>
<xsl:if test="./metainfo/@warningMessage">...</xsl:if>
</td>
<td class="messageCell {$type}">...</td>
</tr>
<tr class="{$tablerowclass}" style="{@style}" onMouseOver="DisplayHoverMenu(this)" onMouseOut="HideHoverMenu(this)">...</tr>
</xsl:template>
<xsl:template match="item">...</xsl:template>
<xsl:template name="levelFilterSelector">
<div class="filter">
<span>Filter: </span>
<xsl:if test=".//item[@level='Debug']">
<xsl:call-template name="levelFilterCheckbox">
<xsl:with-param name="level" select=".//item[@level='Debug']"/>
</xsl:call-template>
<xsl:call-template name="levelFilterCheckbox">...</xsl:call-template>
</xsl:if>
<xsl:if test=".//item[@level='Debug']">...</xsl:if>
<xsl:if test=".//item[@level='Info']">
<xsl:call-template name="levelFilterCheckbox">
<xsl:with-param name="level" select=".//item[@level='Info']"/>
</xsl:call-template>
<xsl:call-template name="levelFilterCheckbox">...</xsl:call-template>
</xsl:if>
<xsl:if test=".//item[@level='Info']">...</xsl:if>
<xsl:if test=".//item[@level='Warn']">
<xsl:call-template name="levelFilterCheckbox">
<xsl:with-param name="level" select=".//item[@level='Warn']"/>
</xsl:call-template>
<xsl:call-template name="levelFilterCheckbox">...</xsl:call-template>
</xsl:if>
<xsl:if test=".//item[@level='Warn']">...</xsl:if>
<xsl:if test=".//item[@level='Error']">
<xsl:call-template name="levelFilterCheckbox">
<xsl:with-param name="level" select=".//item[@level='Error']"/>
</xsl:call-template>
<xsl:call-template name="levelFilterCheckbox">...</xsl:call-template>
</xsl:if>
<xsl:if test=".//item[@level='Error']">...</xsl:if>
<xsl:if test=".//item[@level='Success']">
<xsl:call-template name="levelFilterCheckbox">
<xsl:with-param name="level" select=".//item[@level='Success']"/>
</xsl:call-template>
<xsl:call-template name="levelFilterCheckbox">...</xsl:call-template>
</xsl:if>
<xsl:if test=".//item[@level='Success']">...</xsl:if>
<xsl:if test=".//item[@level='Failure']">
<xsl:call-template name="levelFilterCheckbox">
<xsl:with-param name="level" select=".//item[@level='Failure']"/>
</xsl:call-template>
<xsl:call-template name="levelFilterCheckbox">...</xsl:call-template>
</xsl:if>
<xsl:if test=".//item[@level='Failure']">...</xsl:if>
<xsl:for-each select=".//item[not(@level=preceding-sibling::item/@level) and not(@level='Debug' or @level='Info' or @level='Warn' or @level='Error' or @level='Success' or @level='Failure')]">
<xsl:call-template name="levelFilterCheckbox">
<xsl:with-param name="level" select="."/>
</xsl:call-template>
<xsl:call-template name="levelFilterCheckbox">...</xsl:call-template>
</xsl:for-each>
<xsl:for-each select=".//item[not(@level=preceding-sibling::item/@level) and not(@level='Debug' or @level='Info' or @level='Warn' or @level='Error' or @level='Success' or @level='Failure')]">...</xsl:for-each>
</div>
<div class="filter">...</div>
</xsl:template>
<xsl:template name="levelFilterSelector">...</xsl:template>
<xsl:template name="levelFilterCheckbox">
<xsl:param name="level"/>
<xsl:variable name="currentId">
<xsl:value-of select="generate-id($level)"/>
</xsl:variable>
<xsl:variable name="currentId">...</xsl:variable>
<xsl:variable name="levelName">
<xsl:value-of select="$level/@level"/>
</xsl:variable>
<xsl:variable name="levelName">...</xsl:variable>
<xsl:choose>
<xsl:when test="$level/../../activity[@type='test-module']">
<input type="checkbox" id="checkBox{$currentId}" name="checkBox{$currentId}" onClick="ShowHideItem($(this).parent().parent().next().find('tr.{translate($levelName,' ','_')}'), !this.checked);" checked="1"/>
</xsl:when>
<xsl:when test="$level/../../activity[@type='test-module']">...</xsl:when>
<xsl:otherwise>
<input type="checkbox" id="checkBox{$currentId}" name="checkBox{$currentId}" onClick="ShowHideItem($('tr.{translate($levelName,' ','_')}'), !this.checked);" checked="1"/>
</xsl:otherwise>
<xsl:otherwise>...</xsl:otherwise>
</xsl:choose>
<xsl:choose>...</xsl:choose>
<label for="checkBox{$currentId}">
<xsl:value-of select="$levelName"/>
</label>
<label for="checkBox{$currentId}">...</label>
</xsl:template>
<xsl:template name="levelFilterCheckbox">...</xsl:template>
<xsl:template name="globalCategorySelector">
<div class="filter">
<span>Test container filter:</span>
<input type="checkbox" id="checkBoxTestCaseSuccess" name="checkBoxTestCaseSuccess" onClick="OnFilter(this,['li.Success'])" checked="1"/>
<label for="checkBoxTestCaseSuccess">Success</label>
<input type="checkbox" id="checkBoxTestCaseFailed" name="checkBoxTestCaseFailed" onClick="OnFilter(this,['li.Failed','li.Active'])" checked="1"/>
<label for="checkBoxTestCaseFailed">Failed</label>
<input type="checkbox" id="checkBoxTestCaseIgnored" name="checkBoxTestCaseIgnored" onClick="OnFilter(this,['li.Ignored'])" checked="1"/>
<label for="checkBoxTestCaseIgnored">Blocked</label>
</div>
<div class="filter">...</div>
</xsl:template>
<xsl:template name="globalCategorySelector">...</xsl:template>
<xsl:template name="executionInformation">
<div class="execution-information">
<table>
<tr>
<td>
<i class="field">
Computer/Endpoint
<b>
<xsl:call-template name="break">
<xsl:with-param name="text" select="@host"/>
</xsl:call-template>
<xsl:call-template name="break">...</xsl:call-template>
</b>
<b>...</b>
</i>
<i class="field">...</i>
</td>
<td>...</td>
<td>
<i class="field">
Execution time
<b>
<xsl:value-of select="@timestamp"/>
</b>
<b>...</b>
</i>
<i class="field">...</i>
</td>
<td>...</td>
</tr>
<tr>...</tr>
<tr>
<td>
<i class="field">
Operating system
<b>
<xsl:value-of select="@osversion"/>
</b>
<b>...</b>
</i>
<i class="field">...</i>
</td>
<td>...</td>
<td>
<i class="field">
Screen dimensions
<b>
<xsl:value-of select="@screenresolution"/>
</b>
<b>...</b>
</i>
<i class="field">...</i>
</td>
<td>...</td>
</tr>
<tr>...</tr>
<tr>
<td>
<i class="field">
OS Language
<b>
<xsl:value-of select="@oslanguage"/>
</b>
<b>...</b>
</i>
<i class="field">...</i>
</td>
<td>...</td>
<td>
<xsl:choose>
<xsl:when test="./activity[@type='test-suite']">
<i class="field">
Duration
<b>
<xsl:value-of select="./activity[@type='test-suite']/./@duration"/>
</b>
<b>...</b>
</i>
<i class="field">...</i>
</xsl:when>
<xsl:when test="./activity[@type='test-suite']">...</xsl:when>
</xsl:choose>
<xsl:choose>...</xsl:choose>
</td>
<td>...</td>
</tr>
<tr>...</tr>
<xsl:if test="@timeoutfactor != '1'">
<tr>
<td>
<i class="field">
Timeout factor
<b>
<xsl:value-of select="@timeoutfactor"/>
</b>
<b>...</b>
</i>
<i class="field">...</i>
</td>
<td>...</td>
</tr>
<tr>...</tr>
</xsl:if>
<xsl:if test="@timeoutfactor != '1'">...</xsl:if>
<tr>
<xsl:if test="@totalerrorcount">
<td>
<i class="field">
Total errors
<b>
<xsl:value-of select="@totalerrorcount"/>
</b>
<b>...</b>
</i>
<i class="field">...</i>
</td>
<td>...</td>
</xsl:if>
<xsl:if test="@totalerrorcount">...</xsl:if>
<xsl:if test="@totalwarningcount">
<td>
<i class="field">
Total warnings
<b>
<xsl:value-of select="@totalwarningcount"/>
</b>
<b>...</b>
</i>
<i class="field">...</i>
</td>
<td>...</td>
</xsl:if>
<xsl:if test="@totalwarningcount">...</xsl:if>
</tr>
<tr>...</tr>
</table>
<table>...</table>
</div>
<div class="execution-information">...</div>
</xsl:template>
<xsl:template name="executionInformation">...</xsl:template>
<xsl:template match="/" mode="TestCaseDetail">
<xsl:apply-templates select="//activity[@rid = $testcaserid]/activity">
<xsl:with-param name="itemCount" select="$maxItems"/>
</xsl:apply-templates>
<xsl:apply-templates select="//activity[@rid = $testcaserid]/activity">...</xsl:apply-templates>
</xsl:template>
<xsl:template match="/" mode="TestCaseDetail">...</xsl:template>
<xsl:template match="/" mode="TestModuleDetail">
<xsl:apply-templates select="//activity[@rid = $testcaserid]/item">
<xsl:with-param name="itemCount" select="$maxItems"/>
</xsl:apply-templates>
<xsl:apply-templates select="//activity[@rid = $testcaserid]/item">...</xsl:apply-templates>
</xsl:template>
<xsl:template match="/" mode="TestModuleDetail">...</xsl:template>
<xsl:template name="ActivityDescription">
<xsl:variable name="detailstextesc">
<xsl:call-template name="remove-html">
<xsl:with-param name="text" select="./detail"/>
</xsl:call-template>
<xsl:call-template name="remove-html">...</xsl:call-template>
</xsl:variable>
<xsl:variable name="detailstextesc">...</xsl:variable>
<xsl:variable name="detailstext">
<xsl:value-of select="substring-after($detailstextesc,substring-before($detailstextesc, substring(normalize-space($detailstextesc),1,1)))"/>
</xsl:variable>
<xsl:variable name="detailstext">...</xsl:variable>
<i class="description">
<xsl:if test="string-length(normalize-space(./conditionmsg)) > 0">
<xsl:value-of select="./conditionmsg"/>
</xsl:if>
<xsl:if test="string-length(normalize-space(./conditionmsg)) > 0">...</xsl:if>
<xsl:value-of select="substring($detailstext,0,70)"/>
<xsl:if test="string-length($detailstext) > 70">...</xsl:if>
</i>
<i class="description">...</i>
</xsl:template>
<xsl:template name="ActivityDescription">...</xsl:template>
<xsl:template name="DetailedActivityDescription">
<xsl:if test="string-length(normalize-space(./detail)) > 0 or string-length(normalize-space(./conditionmsg)) > 0">
<div class="htmlDescription dataparams">
<xsl:if test="string-length(normalize-space(./conditionmsg)) > 0">
<xsl:value-of select="./conditionmsg"/>
<xsl:if test="string-length(normalize-space(./detail)) > 0">
<br/>
<br/>
</xsl:if>
<xsl:if test="string-length(normalize-space(./detail)) > 0">...</xsl:if>
</xsl:if>
<xsl:if test="string-length(normalize-space(./conditionmsg)) > 0">...</xsl:if>
<xsl:value-of select="./detail" disable-output-escaping="yes"/>
</div>
<div class="htmlDescription dataparams">...</div>
</xsl:if>
<xsl:if test="string-length(normalize-space(./detail)) > 0 or string-length(normalize-space(./conditionmsg)) > 0">...</xsl:if>
</xsl:template>
<xsl:template name="DetailedActivityDescription">...</xsl:template>
<xsl:template name="remove-html">
<xsl:param name="text"/>
<xsl:choose>
<xsl:when test="contains($text, '<')">
<xsl:value-of select="substring-before($text, '<')"/>
<xsl:call-template name="remove-html">
<xsl:with-param name="text" select="substring-after($text, '>')"/>
</xsl:call-template>
<xsl:call-template name="remove-html">...</xsl:call-template>
</xsl:when>
<xsl:when test="contains($text, '<')">...</xsl:when>
<xsl:otherwise>
<xsl:value-of select="$text"/>
</xsl:otherwise>
<xsl:otherwise>...</xsl:otherwise>
</xsl:choose>
<xsl:choose>...</xsl:choose>
</xsl:template>
<xsl:template name="remove-html">...</xsl:template>
<xsl:template name="break">
<xsl:param name="text" select="string(.)"/>
<xsl:choose>
<xsl:when test="contains($text, ' ')">
<xsl:value-of select="substring-before($text, ' ')"/>
<br/>
<xsl:call-template name="break">
<xsl:with-param name="text" select="substring-after($text, ' ')"/>
</xsl:call-template>
<xsl:call-template name="break">...</xsl:call-template>
</xsl:when>
<xsl:when test="contains($text, ' ')">...</xsl:when>
<xsl:otherwise>
<xsl:value-of select="$text"/>
</xsl:otherwise>
<xsl:otherwise>...</xsl:otherwise>
</xsl:choose>
<xsl:choose>...</xsl:choose>
</xsl:template>
<xsl:template name="break">...</xsl:template>
</xsl:stylesheet>
<xsl:stylesheet xmlns:xsl="http://www.w3.org/1999/XSL/Transform" version="1.0">...</xsl:stylesheet>